<?xml version="1.0" encoding="UTF-8"?>
<!-- Generated by org.testng.reporters.JUnitReportReporter -->
<testsuite hostname="Raksha_R0408" failures="0" tests="1" name="Org.testing.TestScripts.TC5" time="68.033" errors="0" timestamp="2023-12-15T12:48:05 IST" skipped="0">
  <testcase classname="Org.testing.TestScripts.TC5" name="SubscribeVideo" time="68.033"/>
</testsuite> <!-- Org.testing.TestScripts.TC5 -->
