<?xml version="1.0" encoding="UTF-8"?>
<!-- Generated by org.testng.reporters.JUnitReportReporter -->
<testsuite hostname="Raksha_R0408" failures="0" tests="1" name="Org.testing.TestScripts.TC7" time="52.661" errors="0" timestamp="2023-12-14T21:37:34 IST" skipped="0">
  <testcase classname="Org.testing.TestScripts.TC7" name="SubscribeClick" time="52.661"/>
</testsuite> <!-- Org.testing.TestScripts.TC7 -->
