<?xml version="1.0" encoding="UTF-8"?>
<!-- Generated by org.testng.reporters.JUnitReportReporter -->
<testsuite hostname="Raksha_R0408" failures="0" tests="1" name="Org.testing.TestScripts.TC4" time="59.203" errors="0" timestamp="2023-12-14T21:30:50 IST" skipped="0">
  <testcase classname="Org.testing.TestScripts.TC4" name="VideoClick" time="59.203"/>
</testsuite> <!-- Org.testing.TestScripts.TC4 -->
