<?xml version="1.0" encoding="UTF-8"?>
<!-- Generated by org.testng.reporters.JUnitReportReporter -->
<testsuite hostname="Raksha_R0408" failures="0" tests="1" name="Org.testing.TestScripts.TC8" time="58.491" errors="0" timestamp="2023-12-16T13:20:57 IST" skipped="0">
  <testcase classname="Org.testing.TestScripts.TC8" name="Library" time="58.491"/>
</testsuite> <!-- Org.testing.TestScripts.TC8 -->
