<?xml version="1.0" encoding="UTF-8"?>
<!-- Generated by org.testng.reporters.JUnitReportReporter -->
<testsuite hostname="Raksha_R0408" failures="0" tests="1" name="Org.testing.TestScripts.TC2" time="60.755" errors="0" timestamp="2023-12-25T17:00:16 IST" skipped="0">
  <testcase classname="Org.testing.TestScripts.TC2" name="HistoryClick" time="60.755"/>
</testsuite> <!-- Org.testing.TestScripts.TC2 -->
